Traceback (most recent call last):
  File "/home/ros/.local/lib/python3.10/site-packages/colcon_core/executor/__init__.py", line 91, in __call__
    rc = await self.task(*args, **kwargs)
  File "/home/ros/.local/lib/python3.10/site-packages/colcon_core/task/__init__.py", line 93, in __call__
    return await task_method(*args, **kwargs)
  File "/home/ros/.local/lib/python3.10/site-packages/colcon_ros/task/ament_cmake/test.py", line 29, in test
    return await extension.test()
  File "/home/ros/.local/lib/python3.10/site-packages/colcon_cmake/task/cmake/test.py", line 44, in test
    assert os.path.exists(args.build_base), \
AssertionError: Has this package been built before?
